{
  "RSpec": {
    "coverage": {
      "/Users/mothership/Desktop/TURING/mods/2mod/challenges/hogwarts_again/config/environment.rb": {
        "lines": [
          null,
          1,
          null,
          null,
          1
        ]
      },
      "/Users/mothership/Desktop/TURING/mods/2mod/challenges/hogwarts_again/config/application.rb": {
        "lines": [
          1,
          null,
          1,
          null,
          1,
          1,
          1,
          1,
          1,
          1,
          1,
          1,
          null,
          null,
          null,
          null,
          1,
          null,
          1,
          1,
          null,
          1,
          null,
          null,
          null,
          null,
          null,
          null,
          1,
          null,
          null
        ]
      },
      "/Users/mothership/Desktop/TURING/mods/2mod/challenges/hogwarts_again/config/boot.rb": {
        "lines": [
          1,
          null,
          1
        ]
      },
      "/Users/mothership/Desktop/TURING/mods/2mod/challenges/hogwarts_again/config/environments/test.rb": {
        "lines": [
          1,
          null,
          null,
          null,
          null,
          null,
          null,
          1,
          null,
          null,
          null,
          null,
          1,
          null,
          null,
          1,
          1,
          null,
          null,
          null,
          null,
          1,
          1,
          null,
          null,
          1,
          null,
          null,
          1,
          1,
          null,
          null,
          null,
          null,
          1,
          null,
          null,
          1,
          null,
          null,
          null,
          null
        ]
      },
      "/Users/mothership/Desktop/TURING/mods/2mod/challenges/hogwarts_again/config/initializers/application_controller_renderer.rb": {
        "lines": [
          null,
          null,
          null,
          null,
          null,
          null,
          null,
          null
        ]
      },
      "/Users/mothership/Desktop/TURING/mods/2mod/challenges/hogwarts_again/config/initializers/assets.rb": {
        "lines": [
          null,
          null,
          null,
          1,
          null,
          null,
          null,
          null,
          1,
          null,
          null,
          null,
          null,
          null
        ]
      },
      "/Users/mothership/Desktop/TURING/mods/2mod/challenges/hogwarts_again/config/initializers/backtrace_silencers.rb": {
        "lines": [
          null,
          null,
          null,
          null,
          null,
          null,
          null
        ]
      },
      "/Users/mothership/Desktop/TURING/mods/2mod/challenges/hogwarts_again/config/initializers/cookies_serializer.rb": {
        "lines": [
          null,
          null,
          null,
          null,
          1
        ]
      },
      "/Users/mothership/Desktop/TURING/mods/2mod/challenges/hogwarts_again/config/initializers/filter_parameter_logging.rb": {
        "lines": [
          null,
          null,
          null,
          1
        ]
      },
      "/Users/mothership/Desktop/TURING/mods/2mod/challenges/hogwarts_again/config/initializers/inflections.rb": {
        "lines": [
          null,
          null,
          null,
          null,
          null,
          null,
          null,
          null,
          null,
          null,
          null,
          null,
          null,
          null,
          null,
          null
        ]
      },
      "/Users/mothership/Desktop/TURING/mods/2mod/challenges/hogwarts_again/config/initializers/mime_types.rb": {
        "lines": [
          null,
          null,
          null,
          null
        ]
      },
      "/Users/mothership/Desktop/TURING/mods/2mod/challenges/hogwarts_again/config/initializers/wrap_parameters.rb": {
        "lines": [
          null,
          null,
          null,
          null,
          null,
          null,
          1,
          2,
          null,
          null,
          null,
          null,
          null,
          null
        ]
      },
      "/Users/mothership/Desktop/TURING/mods/2mod/challenges/hogwarts_again/config/routes.rb": {
        "lines": [
          1,
          null,
          null,
          1,
          1,
          null,
          1,
          null
        ]
      },
      "/Users/mothership/Desktop/TURING/mods/2mod/challenges/hogwarts_again/app/helpers/application_helper.rb": {
        "lines": [
          1,
          null
        ]
      },
      "/Users/mothership/Desktop/TURING/mods/2mod/challenges/hogwarts_again/spec/features/professors/show_spec.rb": {
        "lines": [
          1,
          null,
          1,
          1,
          null,
          1,
          1,
          1,
          null,
          1,
          1,
          1,
          null,
          1,
          1,
          1,
          1,
          1,
          1,
          null,
          1,
          null,
          1,
          1,
          null,
          1,
          1,
          null,
          null
        ]
      },
      "/Users/mothership/Desktop/TURING/mods/2mod/challenges/hogwarts_again/spec/features/students/index_spec.rb": {
        "lines": [
          1,
          null,
          1,
          1,
          null,
          1,
          1,
          1,
          null,
          1,
          1,
          1,
          null,
          1,
          1,
          1,
          1,
          1,
          1,
          null,
          1,
          null,
          0,
          null,
          0,
          null,
          null,
          0,
          null,
          null,
          0,
          null,
          null,
          null
        ]
      },
      "/Users/mothership/Desktop/TURING/mods/2mod/challenges/hogwarts_again/spec/models/professor_spec.rb": {
        "lines": [
          1,
          null,
          1,
          1,
          1,
          1,
          1,
          null,
          null,
          1,
          1,
          1,
          null,
          null
        ]
      },
      "/Users/mothership/Desktop/TURING/mods/2mod/challenges/hogwarts_again/app/models/professor.rb": {
        "lines": [
          1,
          1,
          1,
          null,
          1,
          null
        ]
      },
      "/Users/mothership/Desktop/TURING/mods/2mod/challenges/hogwarts_again/app/models/application_record.rb": {
        "lines": [
          1,
          1,
          null
        ]
      },
      "/Users/mothership/Desktop/TURING/mods/2mod/challenges/hogwarts_again/spec/models/professor_student_spec.rb": {
        "lines": [
          1,
          null,
          1,
          null,
          1,
          1,
          1,
          null,
          null
        ]
      },
      "/Users/mothership/Desktop/TURING/mods/2mod/challenges/hogwarts_again/app/models/professor_student.rb": {
        "lines": [
          1,
          1,
          1,
          null
        ]
      },
      "/Users/mothership/Desktop/TURING/mods/2mod/challenges/hogwarts_again/spec/models/student_spec.rb": {
        "lines": [
          1,
          null,
          1,
          null,
          1,
          1,
          1,
          1,
          null,
          null,
          1,
          1,
          1,
          null,
          null
        ]
      },
      "/Users/mothership/Desktop/TURING/mods/2mod/challenges/hogwarts_again/app/models/student.rb": {
        "lines": [
          1,
          1,
          1,
          null,
          1,
          null
        ]
      },
      "/Users/mothership/Desktop/TURING/mods/2mod/challenges/hogwarts_again/app/controllers/professors_controller.rb": {
        "lines": [
          1,
          1,
          1,
          null,
          null,
          1,
          1,
          null,
          null
        ]
      },
      "/Users/mothership/Desktop/TURING/mods/2mod/challenges/hogwarts_again/app/controllers/application_controller.rb": {
        "lines": [
          1,
          1,
          null
        ]
      },
      "/Users/mothership/Desktop/TURING/mods/2mod/challenges/hogwarts_again/app/controllers/students_controller.rb": {
        "lines": [
          1,
          1,
          1,
          null,
          null
        ]
      }
    },
    "timestamp": 1585327102
  }
}
